<?xml version="1.0" encoding="UTF-8"?>
<testsuite xmlns:xsi="http://www.w3.org/2001/XMLSchema-instance" xsi:noNamespaceSchemaLocation="https://maven.apache.org/surefire/maven-surefire-plugin/xsd/surefire-test-report-3.0.xsd" version="3.0" name="com.caching.service.GeoCodingImpTest" time="29.25" tests="8" errors="0" skipped="0" failures="0">
  <properties>
    <property name="java.specification.version" value="17"/>
    <property name="sun.jnu.encoding" value="UTF-8"/>
    <property name="java.class.path" value="/home/hp/Documents/KDU/Assignment 2/Assignment/target/test-classes:/home/hp/Documents/KDU/Assignment 2/Assignment/target/classes:/home/hp/.m2/repository/org/springframework/boot/spring-boot-starter-web/1.3.7.RELEASE/spring-boot-starter-web-1.3.7.RELEASE.jar:/home/hp/.m2/repository/org/springframework/boot/spring-boot-starter/3.2.2/spring-boot-starter-3.2.2.jar:/home/hp/.m2/repository/org/springframework/boot/spring-boot-starter-logging/3.2.2/spring-boot-starter-logging-3.2.2.jar:/home/hp/.m2/repository/ch/qos/logback/logback-classic/1.4.14/logback-classic-1.4.14.jar:/home/hp/.m2/repository/ch/qos/logback/logback-core/1.4.14/logback-core-1.4.14.jar:/home/hp/.m2/repository/org/apache/logging/log4j/log4j-to-slf4j/2.21.1/log4j-to-slf4j-2.21.1.jar:/home/hp/.m2/repository/org/apache/logging/log4j/log4j-api/2.21.1/log4j-api-2.21.1.jar:/home/hp/.m2/repository/org/slf4j/jul-to-slf4j/2.0.11/jul-to-slf4j-2.0.11.jar:/home/hp/.m2/repository/jakarta/annotation/jakarta.annotation-api/2.1.1/jakarta.annotation-api-2.1.1.jar:/home/hp/.m2/repository/org/yaml/snakeyaml/2.2/snakeyaml-2.2.jar:/home/hp/.m2/repository/org/springframework/boot/spring-boot-starter-tomcat/3.2.2/spring-boot-starter-tomcat-3.2.2.jar:/home/hp/.m2/repository/org/apache/tomcat/embed/tomcat-embed-core/10.1.18/tomcat-embed-core-10.1.18.jar:/home/hp/.m2/repository/org/apache/tomcat/embed/tomcat-embed-el/10.1.18/tomcat-embed-el-10.1.18.jar:/home/hp/.m2/repository/org/apache/tomcat/embed/tomcat-embed-websocket/10.1.18/tomcat-embed-websocket-10.1.18.jar:/home/hp/.m2/repository/org/springframework/boot/spring-boot-starter-validation/3.2.2/spring-boot-starter-validation-3.2.2.jar:/home/hp/.m2/repository/org/hibernate/validator/hibernate-validator/8.0.1.Final/hibernate-validator-8.0.1.Final.jar:/home/hp/.m2/repository/jakarta/validation/jakarta.validation-api/3.0.2/jakarta.validation-api-3.0.2.jar:/home/hp/.m2/repository/org/jboss/logging/jboss-logging/3.5.3.Final/jboss-logging-3.5.3.Final.jar:/home/hp/.m2/repository/com/fasterxml/classmate/1.6.0/classmate-1.6.0.jar:/home/hp/.m2/repository/com/fasterxml/jackson/core/jackson-databind/2.15.3/jackson-databind-2.15.3.jar:/home/hp/.m2/repository/com/fasterxml/jackson/core/jackson-annotations/2.15.3/jackson-annotations-2.15.3.jar:/home/hp/.m2/repository/com/fasterxml/jackson/core/jackson-core/2.15.3/jackson-core-2.15.3.jar:/home/hp/.m2/repository/org/springframework/spring-web/6.1.3/spring-web-6.1.3.jar:/home/hp/.m2/repository/io/micrometer/micrometer-observation/1.12.2/micrometer-observation-1.12.2.jar:/home/hp/.m2/repository/io/micrometer/micrometer-commons/1.12.2/micrometer-commons-1.12.2.jar:/home/hp/.m2/repository/org/springframework/spring-webmvc/6.1.3/spring-webmvc-6.1.3.jar:/home/hp/.m2/repository/org/springframework/spring-aop/6.1.3/spring-aop-6.1.3.jar:/home/hp/.m2/repository/org/springframework/spring-expression/6.1.3/spring-expression-6.1.3.jar:/home/hp/.m2/repository/org/springframework/boot/spring-boot-starter-cache/2.4.0/spring-boot-starter-cache-2.4.0.jar:/home/hp/.m2/repository/org/projectlombok/lombok/1.18.30/lombok-1.18.30.jar:/home/hp/.m2/repository/org/springframework/spring-context-support/5.3.3/spring-context-support-5.3.3.jar:/home/hp/.m2/repository/org/springframework/spring-beans/6.1.3/spring-beans-6.1.3.jar:/home/hp/.m2/repository/org/springframework/spring-context/6.1.3/spring-context-6.1.3.jar:/home/hp/.m2/repository/org/springframework/boot/spring-boot-starter-thymeleaf/3.2.2/spring-boot-starter-thymeleaf-3.2.2.jar:/home/hp/.m2/repository/org/thymeleaf/thymeleaf-spring6/3.1.2.RELEASE/thymeleaf-spring6-3.1.2.RELEASE.jar:/home/hp/.m2/repository/org/thymeleaf/thymeleaf/3.1.2.RELEASE/thymeleaf-3.1.2.RELEASE.jar:/home/hp/.m2/repository/org/attoparser/attoparser/2.0.7.RELEASE/attoparser-2.0.7.RELEASE.jar:/home/hp/.m2/repository/org/unbescape/unbescape/1.1.6.RELEASE/unbescape-1.1.6.RELEASE.jar:/home/hp/.m2/repository/org/slf4j/slf4j-api/2.0.11/slf4j-api-2.0.11.jar:/home/hp/.m2/repository/org/springframework/spring-core/6.1.3/spring-core-6.1.3.jar:/home/hp/.m2/repository/org/springframework/spring-jcl/6.1.3/spring-jcl-6.1.3.jar:/home/hp/.m2/repository/com/github/ben-manes/caffeine/caffeine/3.1.8/caffeine-3.1.8.jar:/home/hp/.m2/repository/org/checkerframework/checker-qual/3.37.0/checker-qual-3.37.0.jar:/home/hp/.m2/repository/com/google/errorprone/error_prone_annotations/2.21.1/error_prone_annotations-2.21.1.jar:/home/hp/.m2/repository/junit/junit/4.13.2/junit-4.13.2.jar:/home/hp/.m2/repository/org/hamcrest/hamcrest-core/2.2/hamcrest-core-2.2.jar:/home/hp/.m2/repository/org/hamcrest/hamcrest/2.2/hamcrest-2.2.jar:/home/hp/.m2/repository/org/junit/jupiter/junit-jupiter/5.10.1/junit-jupiter-5.10.1.jar:/home/hp/.m2/repository/org/junit/jupiter/junit-jupiter-api/5.10.1/junit-jupiter-api-5.10.1.jar:/home/hp/.m2/repository/org/opentest4j/opentest4j/1.3.0/opentest4j-1.3.0.jar:/home/hp/.m2/repository/org/junit/platform/junit-platform-commons/1.10.1/junit-platform-commons-1.10.1.jar:/home/hp/.m2/repository/org/apiguardian/apiguardian-api/1.1.2/apiguardian-api-1.1.2.jar:/home/hp/.m2/repository/org/junit/jupiter/junit-jupiter-params/5.10.1/junit-jupiter-params-5.10.1.jar:/home/hp/.m2/repository/org/junit/jupiter/junit-jupiter-engine/5.10.1/junit-jupiter-engine-5.10.1.jar:/home/hp/.m2/repository/org/junit/platform/junit-platform-engine/1.10.1/junit-platform-engine-1.10.1.jar:/home/hp/.m2/repository/org/springframework/spring-test/6.1.3/spring-test-6.1.3.jar:/home/hp/.m2/repository/org/springframework/boot/spring-boot-test/3.2.2/spring-boot-test-3.2.2.jar:/home/hp/.m2/repository/org/springframework/boot/spring-boot/3.2.2/spring-boot-3.2.2.jar:/home/hp/.m2/repository/org/springframework/boot/spring-boot-test-autoconfigure/3.2.2/spring-boot-test-autoconfigure-3.2.2.jar:/home/hp/.m2/repository/org/springframework/boot/spring-boot-autoconfigure/3.2.2/spring-boot-autoconfigure-3.2.2.jar:"/>
    <property name="java.vm.vendor" value="Private Build"/>
    <property name="sun.arch.data.model" value="64"/>
    <property name="java.vendor.url" value="Unknown"/>
    <property name="user.timezone" value="Asia/Kolkata"/>
    <property name="org.jboss.logging.provider" value="slf4j"/>
    <property name="os.name" value="Linux"/>
    <property name="java.vm.specification.version" value="17"/>
    <property name="sun.java.launcher" value="SUN_STANDARD"/>
    <property name="user.country" value="IN"/>
    <property name="sun.boot.library.path" value="/usr/lib/jvm/java-17-openjdk-amd64/lib"/>
    <property name="sun.java.command" value="/home/hp/Documents/KDU/Assignment 2/Assignment/target/surefire/surefirebooter-20240128023049491_3.jar /home/hp/Documents/KDU/Assignment 2/Assignment/target/surefire 2024-01-28T02-30-49_096-jvmRun1 surefire-20240128023049491_1tmp surefire_0-20240128023049491_2tmp"/>
    <property name="jdk.debug" value="release"/>
    <property name="surefire.test.class.path" value="/home/hp/Documents/KDU/Assignment 2/Assignment/target/test-classes:/home/hp/Documents/KDU/Assignment 2/Assignment/target/classes:/home/hp/.m2/repository/org/springframework/boot/spring-boot-starter-web/1.3.7.RELEASE/spring-boot-starter-web-1.3.7.RELEASE.jar:/home/hp/.m2/repository/org/springframework/boot/spring-boot-starter/3.2.2/spring-boot-starter-3.2.2.jar:/home/hp/.m2/repository/org/springframework/boot/spring-boot-starter-logging/3.2.2/spring-boot-starter-logging-3.2.2.jar:/home/hp/.m2/repository/ch/qos/logback/logback-classic/1.4.14/logback-classic-1.4.14.jar:/home/hp/.m2/repository/ch/qos/logback/logback-core/1.4.14/logback-core-1.4.14.jar:/home/hp/.m2/repository/org/apache/logging/log4j/log4j-to-slf4j/2.21.1/log4j-to-slf4j-2.21.1.jar:/home/hp/.m2/repository/org/apache/logging/log4j/log4j-api/2.21.1/log4j-api-2.21.1.jar:/home/hp/.m2/repository/org/slf4j/jul-to-slf4j/2.0.11/jul-to-slf4j-2.0.11.jar:/home/hp/.m2/repository/jakarta/annotation/jakarta.annotation-api/2.1.1/jakarta.annotation-api-2.1.1.jar:/home/hp/.m2/repository/org/yaml/snakeyaml/2.2/snakeyaml-2.2.jar:/home/hp/.m2/repository/org/springframework/boot/spring-boot-starter-tomcat/3.2.2/spring-boot-starter-tomcat-3.2.2.jar:/home/hp/.m2/repository/org/apache/tomcat/embed/tomcat-embed-core/10.1.18/tomcat-embed-core-10.1.18.jar:/home/hp/.m2/repository/org/apache/tomcat/embed/tomcat-embed-el/10.1.18/tomcat-embed-el-10.1.18.jar:/home/hp/.m2/repository/org/apache/tomcat/embed/tomcat-embed-websocket/10.1.18/tomcat-embed-websocket-10.1.18.jar:/home/hp/.m2/repository/org/springframework/boot/spring-boot-starter-validation/3.2.2/spring-boot-starter-validation-3.2.2.jar:/home/hp/.m2/repository/org/hibernate/validator/hibernate-validator/8.0.1.Final/hibernate-validator-8.0.1.Final.jar:/home/hp/.m2/repository/jakarta/validation/jakarta.validation-api/3.0.2/jakarta.validation-api-3.0.2.jar:/home/hp/.m2/repository/org/jboss/logging/jboss-logging/3.5.3.Final/jboss-logging-3.5.3.Final.jar:/home/hp/.m2/repository/com/fasterxml/classmate/1.6.0/classmate-1.6.0.jar:/home/hp/.m2/repository/com/fasterxml/jackson/core/jackson-databind/2.15.3/jackson-databind-2.15.3.jar:/home/hp/.m2/repository/com/fasterxml/jackson/core/jackson-annotations/2.15.3/jackson-annotations-2.15.3.jar:/home/hp/.m2/repository/com/fasterxml/jackson/core/jackson-core/2.15.3/jackson-core-2.15.3.jar:/home/hp/.m2/repository/org/springframework/spring-web/6.1.3/spring-web-6.1.3.jar:/home/hp/.m2/repository/io/micrometer/micrometer-observation/1.12.2/micrometer-observation-1.12.2.jar:/home/hp/.m2/repository/io/micrometer/micrometer-commons/1.12.2/micrometer-commons-1.12.2.jar:/home/hp/.m2/repository/org/springframework/spring-webmvc/6.1.3/spring-webmvc-6.1.3.jar:/home/hp/.m2/repository/org/springframework/spring-aop/6.1.3/spring-aop-6.1.3.jar:/home/hp/.m2/repository/org/springframework/spring-expression/6.1.3/spring-expression-6.1.3.jar:/home/hp/.m2/repository/org/springframework/boot/spring-boot-starter-cache/2.4.0/spring-boot-starter-cache-2.4.0.jar:/home/hp/.m2/repository/org/projectlombok/lombok/1.18.30/lombok-1.18.30.jar:/home/hp/.m2/repository/org/springframework/spring-context-support/5.3.3/spring-context-support-5.3.3.jar:/home/hp/.m2/repository/org/springframework/spring-beans/6.1.3/spring-beans-6.1.3.jar:/home/hp/.m2/repository/org/springframework/spring-context/6.1.3/spring-context-6.1.3.jar:/home/hp/.m2/repository/org/springframework/boot/spring-boot-starter-thymeleaf/3.2.2/spring-boot-starter-thymeleaf-3.2.2.jar:/home/hp/.m2/repository/org/thymeleaf/thymeleaf-spring6/3.1.2.RELEASE/thymeleaf-spring6-3.1.2.RELEASE.jar:/home/hp/.m2/repository/org/thymeleaf/thymeleaf/3.1.2.RELEASE/thymeleaf-3.1.2.RELEASE.jar:/home/hp/.m2/repository/org/attoparser/attoparser/2.0.7.RELEASE/attoparser-2.0.7.RELEASE.jar:/home/hp/.m2/repository/org/unbescape/unbescape/1.1.6.RELEASE/unbescape-1.1.6.RELEASE.jar:/home/hp/.m2/repository/org/slf4j/slf4j-api/2.0.11/slf4j-api-2.0.11.jar:/home/hp/.m2/repository/org/springframework/spring-core/6.1.3/spring-core-6.1.3.jar:/home/hp/.m2/repository/org/springframework/spring-jcl/6.1.3/spring-jcl-6.1.3.jar:/home/hp/.m2/repository/com/github/ben-manes/caffeine/caffeine/3.1.8/caffeine-3.1.8.jar:/home/hp/.m2/repository/org/checkerframework/checker-qual/3.37.0/checker-qual-3.37.0.jar:/home/hp/.m2/repository/com/google/errorprone/error_prone_annotations/2.21.1/error_prone_annotations-2.21.1.jar:/home/hp/.m2/repository/junit/junit/4.13.2/junit-4.13.2.jar:/home/hp/.m2/repository/org/hamcrest/hamcrest-core/2.2/hamcrest-core-2.2.jar:/home/hp/.m2/repository/org/hamcrest/hamcrest/2.2/hamcrest-2.2.jar:/home/hp/.m2/repository/org/junit/jupiter/junit-jupiter/5.10.1/junit-jupiter-5.10.1.jar:/home/hp/.m2/repository/org/junit/jupiter/junit-jupiter-api/5.10.1/junit-jupiter-api-5.10.1.jar:/home/hp/.m2/repository/org/opentest4j/opentest4j/1.3.0/opentest4j-1.3.0.jar:/home/hp/.m2/repository/org/junit/platform/junit-platform-commons/1.10.1/junit-platform-commons-1.10.1.jar:/home/hp/.m2/repository/org/apiguardian/apiguardian-api/1.1.2/apiguardian-api-1.1.2.jar:/home/hp/.m2/repository/org/junit/jupiter/junit-jupiter-params/5.10.1/junit-jupiter-params-5.10.1.jar:/home/hp/.m2/repository/org/junit/jupiter/junit-jupiter-engine/5.10.1/junit-jupiter-engine-5.10.1.jar:/home/hp/.m2/repository/org/junit/platform/junit-platform-engine/1.10.1/junit-platform-engine-1.10.1.jar:/home/hp/.m2/repository/org/springframework/spring-test/6.1.3/spring-test-6.1.3.jar:/home/hp/.m2/repository/org/springframework/boot/spring-boot-test/3.2.2/spring-boot-test-3.2.2.jar:/home/hp/.m2/repository/org/springframework/boot/spring-boot/3.2.2/spring-boot-3.2.2.jar:/home/hp/.m2/repository/org/springframework/boot/spring-boot-test-autoconfigure/3.2.2/spring-boot-test-autoconfigure-3.2.2.jar:/home/hp/.m2/repository/org/springframework/boot/spring-boot-autoconfigure/3.2.2/spring-boot-autoconfigure-3.2.2.jar:"/>
    <property name="sun.cpu.endian" value="little"/>
    <property name="user.home" value="/home/hp"/>
    <property name="user.language" value="en"/>
    <property name="java.specification.vendor" value="Oracle Corporation"/>
    <property name="java.version.date" value="2023-10-17"/>
    <property name="java.home" value="/usr/lib/jvm/java-17-openjdk-amd64"/>
    <property name="file.separator" value="/"/>
    <property name="basedir" value="/home/hp/Documents/KDU/Assignment 2/Assignment"/>
    <property name="java.vm.compressedOopsMode" value="Zero based"/>
    <property name="line.separator" value="&#10;"/>
    <property name="java.specification.name" value="Java Platform API Specification"/>
    <property name="java.vm.specification.vendor" value="Oracle Corporation"/>
    <property name="FILE_LOG_CHARSET" value="UTF-8"/>
    <property name="java.awt.headless" value="true"/>
    <property name="surefire.real.class.path" value="/home/hp/Documents/KDU/Assignment 2/Assignment/target/surefire/surefirebooter-20240128023049491_3.jar"/>
    <property name="sun.management.compiler" value="HotSpot 64-Bit Tiered Compilers"/>
    <property name="java.runtime.version" value="17.0.9+9-Ubuntu-122.04"/>
    <property name="user.name" value="hp"/>
    <property name="path.separator" value=":"/>
    <property name="os.version" value="6.5.0-14-generic"/>
    <property name="java.runtime.name" value="OpenJDK Runtime Environment"/>
    <property name="file.encoding" value="UTF-8"/>
    <property name="java.vm.name" value="OpenJDK 64-Bit Server VM"/>
    <property name="localRepository" value="/home/hp/.m2/repository"/>
    <property name="java.vendor.url.bug" value="Unknown"/>
    <property name="java.io.tmpdir" value="/tmp"/>
    <property name="java.version" value="17.0.9"/>
    <property name="user.dir" value="/home/hp/Documents/KDU/Assignment 2/Assignment"/>
    <property name="os.arch" value="amd64"/>
    <property name="java.vm.specification.name" value="Java Virtual Machine Specification"/>
    <property name="PID" value="489772"/>
    <property name="CONSOLE_LOG_CHARSET" value="UTF-8"/>
    <property name="native.encoding" value="UTF-8"/>
    <property name="java.library.path" value="/usr/java/packages/lib:/usr/lib/x86_64-linux-gnu/jni:/lib/x86_64-linux-gnu:/usr/lib/x86_64-linux-gnu:/usr/lib/jni:/lib:/usr/lib"/>
    <property name="java.vm.info" value="mixed mode, sharing"/>
    <property name="java.vendor" value="Private Build"/>
    <property name="java.vm.version" value="17.0.9+9-Ubuntu-122.04"/>
    <property name="sun.io.unicode.encoding" value="UnicodeLittle"/>
    <property name="java.class.version" value="61.0"/>
  </properties>
  <testcase name="testGetReverseGeoCodeNegative" classname="com.caching.service.GeoCodingImpTest" time="2.022">
    <system-out><![CDATA[02:30:53.069 [main] INFO org.springframework.test.context.support.AnnotationConfigContextLoaderUtils -- Could not detect default configuration classes for test class [com.caching.service.GeoCodingImpTest]: GeoCodingImpTest does not declare any static, non-private, non-final, nested classes annotated with @Configuration.
02:30:53.449 [main] INFO org.springframework.boot.test.context.SpringBootTestContextBootstrapper -- Found @SpringBootConfiguration com.caching.service.CachingApplication for test class com.caching.service.GeoCodingImpTest

  .   ____          _            __ _ _
 /\\ / ___'_ __ _ _(_)_ __  __ _ \ \ \ \
( ( )\___ | '_ | '_| | '_ \/ _` | \ \ \ \
 \\/  ___)| |_)| | | | | || (_| |  ) ) ) )
  '  |____| .__|_| |_|_| |_\__, | / / / /
 =========|_|==============|___/=/_/_/_/
 :: Spring Boot ::                (v3.2.2)

mock forward response [{"display_name":"Delhi, India","lat":"28.6273928","lon":"77.1716954"},{"display_name":"Delhi, Delaware County, Iowa, United States","lat":"42.4297057","lon":"-91.3309112"},{"display_name":"Delhi, Redwood County, Minnesota, United States","lat":"44.5991256","lon":"-95.211113"},{"display_name":"Village of Delhi, Town of Delhi, Delaware County, New York, United States","lat":"42.2781401","lon":"-74.9159946"},{"display_name":"Town of Delhi, Delaware County, New York, 13753, United States","lat":"42.2781401","lon":"-74.9159946"},{"display_name":"Delhi, Merced County, California, 95315, United States","lat":"37.434013500000006","lon":"-120.77683869157578"},{"display_name":"Delhi, Merced County, California, 95315, United States","lat":"37.4321589","lon":"-120.778535"},{"display_name":"Delhi, Norfolk County, Ontario, N4B 2K6, Canada","lat":"42.8544957","lon":"-80.4983709"},{"display_name":"Delingha City, Haixi Mongol and Tibetan Autonomous Prefecture, Qinghai, China","lat":"37.3690819","lon":"97.36011"},{"display_name":"Delhi, Santa Ana, Orange County, California, United States","lat":"33.7160692","lon":"-117.862108"}] [{"road":"Delhi Avenue","houseNumber":"16192","neighbourhood":"-","suburb":"-","city":"-","county":"Merced County","state":"California","postcode":"95315","country":"United States","countryCode":"us"}]
]]></system-out>
  </testcase>
  <testcase name="testGetGeoCode" classname="com.caching.service.GeoCodingImpTest" time="3.678"/>
  <testcase name="testGetReverseGeoCode" classname="com.caching.service.GeoCodingImpTest" time="2.134">
    <system-out><![CDATA[Response org.springframework.mock.web.MockHttpServletResponse@5c234920
mock reverse response [{"road":"Delhi Avenue","houseNumber":"16192","neighbourhood":"-","suburb":"-","city":"-","county":"Merced County","state":"California","postcode":"95315","country":"United States","countryCode":"us"}]
]]></system-out>
  </testcase>
  <testcase name="testGeoCodingCacheHitWithEndpoint" classname="com.caching.service.GeoCodingImpTest" time="2.942"/>
  <testcase name="testReverseGeoCodingCacheHitWithEndpoint" classname="com.caching.service.GeoCodingImpTest" time="2.894"/>
  <testcase name="testGetGeoCodeNegative" classname="com.caching.service.GeoCodingImpTest" time="1.914"/>
  <testcase name="testGeoCodingCacheMiss" classname="com.caching.service.GeoCodingImpTest" time="1.947"/>
  <testcase name="testGeoCodingCacheEviction" classname="com.caching.service.GeoCodingImpTest" time="3.227"/>
</testsuite>